<?xml version="1.0" encoding="UTF-8"?>
<!-- Generated by org.testng.reporters.JUnitReportReporter -->
<testsuite skipped="0" hostname="G1C2ML14341" name="com.mindtree.xceltesting.Demo_HybridFramework.TestEngine" tests="1" failures="0" timestamp="05 Dec 2018 12:48:20 GMT" time="24.563" errors="0">
  <testcase name="test_main" time="24.563" classname="com.mindtree.xceltesting.Demo_HybridFramework.TestEngine"/>
</testsuite> <!-- com.mindtree.xceltesting.Demo_HybridFramework.TestEngine -->
